This is pdfTeX, Version 3.14159265-2.6-1.40.18 (TeX Live 2017/Debian) (preloaded format=pdflatex 2017.10.23)  6 APR 2018 00:07
entering extended mode
 restricted \write18 enabled.
 %&-line parsing enabled.
**RSD.tex
(./RSD.tex
LaTeX2e <2017-04-15>
Babel <3.12> and hyphenation patterns for 18 language(s) loaded.
(./llncs.cls
Document Class: llncs 2018/03/10 v2.20 
 LaTeX document class for Lecture Notes in Computer Science
(/usr/share/texlive/texmf-dist/tex/latex/base/article.cls
Document Class: article 2014/09/29 v1.4h Standard LaTeX document class
(/usr/share/texlive/texmf-dist/tex/latex/base/size10.clo
File: size10.clo 2014/09/29 v1.4h Standard LaTeX file (size option)
)
\c@part=\count79
\c@section=\count80
\c@subsection=\count81
\c@subsubsection=\count82
\c@paragraph=\count83
\c@subparagraph=\count84
\c@figure=\count85
\c@table=\count86
\abovecaptionskip=\skip41
\belowcaptionskip=\skip42
\bibindent=\dimen102
)
(/usr/share/texlive/texmf-dist/tex/latex/tools/multicol.sty
Package: multicol 2017/04/11 v1.8q multicolumn formatting (FMi)
\c@tracingmulticols=\count87
\mult@box=\box26
\multicol@leftmargin=\dimen103
\c@unbalance=\count88
\c@collectmore=\count89
\doublecol@number=\count90
\multicoltolerance=\count91
\multicolpretolerance=\count92
\full@width=\dimen104
\page@free=\dimen105
\premulticols=\dimen106
\postmulticols=\dimen107
\multicolsep=\skip43
\multicolbaselineskip=\skip44
\partial@page=\box27
\last@line=\box28
\maxbalancingoverflow=\dimen108
\mult@rightbox=\box29
\mult@grightbox=\box30
\mult@gfirstbox=\box31
\mult@firstbox=\box32
\@tempa=\box33
\@tempa=\box34
\@tempa=\box35
\@tempa=\box36
\@tempa=\box37
\@tempa=\box38
\@tempa=\box39
\@tempa=\box40
\@tempa=\box41
\@tempa=\box42
\@tempa=\box43
\@tempa=\box44
\@tempa=\box45
\@tempa=\box46
\@tempa=\box47
\@tempa=\box48
\@tempa=\box49
\c@columnbadness=\count93
\c@finalcolumnbadness=\count94
\last@try=\dimen109
\multicolovershoot=\dimen110
\multicolundershoot=\dimen111
\mult@nat@firstbox=\box50
\colbreak@box=\box51
\mc@col@check@num=\count95
)
(/usr/share/texlive/texmf-dist/tex/latex/oberdiek/aliascnt.sty
Package: aliascnt 2016/05/16 v1.4 Alias counters (HO)

(/usr/share/texlive/texmf-dist/tex/latex/carlisle/remreset.sty))
\c@chapter=\count96
LaTeX Font Info:    Redeclaring math symbol \Gamma on input line 362.
LaTeX Font Info:    Redeclaring math symbol \Delta on input line 363.
LaTeX Font Info:    Redeclaring math symbol \Theta on input line 364.
LaTeX Font Info:    Redeclaring math symbol \Lambda on input line 365.
LaTeX Font Info:    Redeclaring math symbol \Xi on input line 366.
LaTeX Font Info:    Redeclaring math symbol \Pi on input line 367.
LaTeX Font Info:    Redeclaring math symbol \Sigma on input line 368.
LaTeX Font Info:    Redeclaring math symbol \Upsilon on input line 369.
LaTeX Font Info:    Redeclaring math symbol \Phi on input line 370.
LaTeX Font Info:    Redeclaring math symbol \Psi on input line 371.
LaTeX Font Info:    Redeclaring math symbol \Omega on input line 372.
\tocchpnum=\dimen112
\tocsecnum=\dimen113
\tocsectotal=\dimen114
\tocsubsecnum=\dimen115
\tocsubsectotal=\dimen116
\tocsubsubsecnum=\dimen117
\tocsubsubsectotal=\dimen118
\tocparanum=\dimen119
\tocparatotal=\dimen120
\tocsubparanum=\dimen121
\@tempcntc=\count97
\fnindent=\dimen122
\c@@inst=\count98
\c@@auth=\count99
\c@auco=\count100
\instindent=\dimen123
\authrun=\box52
\authorrunning=\toks14
\tocauthor=\toks15
\titrun=\box53
\titlerunning=\toks16
\toctitle=\toks17
\c@theorem=\count101
\c@case=\count102
\c@conjecture=\count103
\c@corollary=\count104
\c@definition=\count105
\c@example=\count106
\c@exercise=\count107
\c@lemma=\count108
\c@note=\count109
\c@problem=\count110
\c@property=\count111
\c@proposition=\count112
\c@question=\count113
\c@solution=\count114
\c@remark=\count115
\headlineindent=\dimen124
)
(/usr/share/texlive/texmf-dist/tex/latex/base/inputenc.sty
Package: inputenc 2015/03/17 v1.2c Input encoding file
\inpenc@prehook=\toks18
\inpenc@posthook=\toks19

(/usr/share/texlive/texmf-dist/tex/latex/ucs/utf8x.def
File: utf8x.def 2004/10/17 UCS: Input encoding UTF-8
))
(/usr/share/texlive/texmf-dist/tex/latex/ucs/ucs.sty
Package: ucs 2013/05/11 v2.2 UCS: Unicode input support

(/usr/share/texlive/texmf-dist/tex/latex/ucs/data/uni-global.def
File: uni-global.def 2013/05/13 UCS: Unicode global data
)
\uc@secondtry=\count116
\uc@combtoks=\toks20
\uc@combtoksb=\toks21
\uc@temptokena=\toks22
)
(/usr/share/texlive/texmf-dist/tex/generic/babel/babel.sty
Package: babel 2017/06/29 3.12 The Babel package

(/usr/share/texlive/texmf-dist/tex/generic/babel/switch.def
File: switch.def 2017/06/29 3.12 Babel switching mechanism
)
(/usr/share/texlive/texmf-dist/tex/generic/babel-english/english.ldf
Language: english 2017/06/06 v3.3r English support from the babel system

(/usr/share/texlive/texmf-dist/tex/generic/babel/babel.def
File: babel.def 2017/06/29 3.12 Babel common definitions

(/usr/share/texlive/texmf-dist/tex/generic/babel/switch.def
File: switch.def 2017/06/29 3.12 Babel switching mechanism
)
\babel@savecnt=\count117
\U@D=\dimen125
)
\l@canadian = a dialect from \language\l@american 
\l@australian = a dialect from \language\l@british 
\l@newzealand = a dialect from \language\l@british 
)
(/usr/share/texlive/texmf-dist/tex/generic/babel-russian/russianb.ldf
Language: russian 2017/08/12 1.3j Russian support for the Babel system


Package babel Warning: No Cyrillic font encoding has been loaded so far.
(babel)                A font encoding should be declared before babel.
(babel)                Default `T2A' encoding will be loaded  on input line 74.


(/usr/share/texlive/texmf-dist/tex/latex/cyrillic/t2aenc.def
File: t2aenc.def 2005/09/27 v1.0i Cyrillic encoding definition file
)
Package babel Info: Making " an active character on input line 120.
Package babel Info: Default for \cyrdash is provided on input line 157.
))
(/usr/share/texlive/texmf-dist/tex/latex/cmap/cmap.sty
Package: cmap 2008/03/06 v1.0h CMap support: searchable PDF
)
(/usr/share/texlive/texmf-dist/tex/latex/eqnarray/eqnarray.sty
equationarray 1.3 <December 1, 2010>
Package: eqnarray 
(/usr/share/texlive/texmf-dist/tex/latex/tools/array.sty
Package: array 2016/10/06 v2.4d Tabular extension package (FMi)
\col@sep=\dimen126
\extrarowheight=\dimen127
\NC@list=\toks23
\extratabsurround=\skip45
\backup@length=\skip46
)
\@eqargcnt=\count118
)
(/usr/share/texlive/texmf-dist/tex/latex/amsmath/amsmath.sty
Package: amsmath 2016/11/05 v2.16a AMS math features
\@mathmargin=\skip47

For additional information on amsmath, use the `?' option.
(/usr/share/texlive/texmf-dist/tex/latex/amsmath/amstext.sty
Package: amstext 2000/06/29 v2.01 AMS text

(/usr/share/texlive/texmf-dist/tex/latex/amsmath/amsgen.sty
File: amsgen.sty 1999/11/30 v2.0 generic functions
\@emptytoks=\toks24
\ex@=\dimen128
))
(/usr/share/texlive/texmf-dist/tex/latex/amsmath/amsbsy.sty
Package: amsbsy 1999/11/29 v1.2d Bold Symbols
\pmbraise@=\dimen129
)
(/usr/share/texlive/texmf-dist/tex/latex/amsmath/amsopn.sty
Package: amsopn 2016/03/08 v2.02 operator names
)
\inf@bad=\count119
LaTeX Info: Redefining \frac on input line 213.
\uproot@=\count120
\leftroot@=\count121
LaTeX Info: Redefining \overline on input line 375.
\classnum@=\count122
\DOTSCASE@=\count123
LaTeX Info: Redefining \ldots on input line 472.
LaTeX Info: Redefining \dots on input line 475.
LaTeX Info: Redefining \cdots on input line 596.
\Mathstrutbox@=\box54
\strutbox@=\box55
\big@size=\dimen130
LaTeX Font Info:    Redeclaring font encoding OML on input line 712.
LaTeX Font Info:    Redeclaring font encoding OMS on input line 713.


Package amsmath Warning: Unable to redefine math accent \vec.

\macc@depth=\count124
\c@MaxMatrixCols=\count125
\dotsspace@=\muskip10
\c@parentequation=\count126
\dspbrk@lvl=\count127
\tag@help=\toks25
\row@=\count128
\column@=\count129
\maxfields@=\count130
\andhelp@=\toks26
\eqnshift@=\dimen131
\alignsep@=\dimen132
\tagshift@=\dimen133
\tagwidth@=\dimen134
\totwidth@=\dimen135
\lineht@=\dimen136
\@envbody=\toks27
\multlinegap=\skip48
\multlinetaggap=\skip49
\mathdisplay@stack=\toks28
LaTeX Info: Redefining \[ on input line 2817.
LaTeX Info: Redefining \] on input line 2818.
) (/usr/share/texlive/texmf-dist/tex/latex/subfig/subfig.sty
Package: subfig 2005/06/28 ver: 1.3 subfig package

(/usr/share/texlive/texmf-dist/tex/latex/graphics/keyval.sty
Package: keyval 2014/10/28 v1.15 key=value parser (DPC)
\KV@toks@=\toks29
)
(/usr/share/texlive/texmf-dist/tex/latex/caption/caption.sty
Package: caption 2016/02/21 v3.3-144 Customizing captions (AR)

(/usr/share/texlive/texmf-dist/tex/latex/caption/caption3.sty
Package: caption3 2016/05/22 v1.7-166 caption3 kernel (AR)
Package caption3 Info: TeX engine: e-TeX on input line 67.
\captionmargin=\dimen137
\captionmargin@=\dimen138
\captionwidth=\dimen139
\caption@tempdima=\dimen140
\caption@indent=\dimen141
\caption@parindent=\dimen142
\caption@hangindent=\dimen143
Package caption Info: Unknown document class (or package),
(caption)             standard defaults will be used.
)

Package caption Warning: Unsupported document class (or package) detected,
(caption)                usage of the caption package is not recommended.
See the caption package documentation for explanation.

Package caption Info: \@makecaption = \long macro:#1#2->\small \vskip \abovecap
tionskip \sbox \@tempboxa {{\bfseries #1.} #2}\ifdim \wd \@tempboxa >\hsize {\b
fseries #1.} #2\par \else \global \@minipagefalse \hb@xt@ \hsize {\hfil \box \@
tempboxa \hfil }\fi \vskip \belowcaptionskip .
\c@ContinuedFloat=\count131
)
\c@KVtest=\count132
\sf@farskip=\skip50
\sf@captopadj=\dimen144
\sf@capskip=\skip51
\sf@nearskip=\skip52
\c@subfigure=\count133
\c@subfigure@save=\count134
\c@lofdepth=\count135
\c@subtable=\count136
\c@subtable@save=\count137
\c@lotdepth=\count138
\sf@top=\skip53
\sf@bottom=\skip54
) (/usr/share/texlive/texmf-dist/tex/latex/graphics/graphicx.sty
Package: graphicx 2017/06/01 v1.1a Enhanced LaTeX Graphics (DPC,SPQR)

(/usr/share/texlive/texmf-dist/tex/latex/graphics/graphics.sty
Package: graphics 2017/06/25 v1.2c Standard LaTeX Graphics (DPC,SPQR)

(/usr/share/texlive/texmf-dist/tex/latex/graphics/trig.sty
Package: trig 2016/01/03 v1.10 sin cos tan (DPC)
)
(/usr/share/texlive/texmf-dist/tex/latex/graphics-cfg/graphics.cfg
File: graphics.cfg 2016/06/04 v1.11 sample graphics configuration
)
Package graphics Info: Driver file: pdftex.def on input line 99.

(/usr/share/texlive/texmf-dist/tex/latex/graphics-def/pdftex.def
File: pdftex.def 2017/06/24 v1.0g Graphics/color driver for pdftex
))
\Gin@req@height=\dimen145
\Gin@req@width=\dimen146
)
(/usr/share/texlive/texmf-dist/tex/latex/amsfonts/amsfonts.sty
Package: amsfonts 2013/01/14 v3.01 Basic AMSFonts support
\symAMSa=\mathgroup4
\symAMSb=\mathgroup5
LaTeX Font Info:    Overwriting math alphabet `\mathfrak' in version `bold'
(Font)                  U/euf/m/n --> U/euf/b/n on input line 106.
) (./RSD.aux
LaTeX Font Info:    Try loading font information for T2A+cmr on input line 24.

(/usr/share/texlive/texmf-dist/tex/latex/cyrillic/t2acmr.fd
File: t2acmr.fd 2001/08/11 v1.0a Computer Modern Cyrillic font definitions
)<<t2a.cmap>>)
\openout1 = `RSD.aux'.

LaTeX Font Info:    Checking defaults for OML/cmm/m/it on input line 23.
LaTeX Font Info:    ... okay on input line 23.
LaTeX Font Info:    Checking defaults for T1/cmr/m/n on input line 23.
LaTeX Font Info:    ... okay on input line 23.
LaTeX Font Info:    Checking defaults for OT1/cmr/m/n on input line 23.
LaTeX Font Info:    ... okay on input line 23.
LaTeX Font Info:    Checking defaults for OMS/cmsy/m/n on input line 23.
LaTeX Font Info:    ... okay on input line 23.
LaTeX Font Info:    Checking defaults for OMX/cmex/m/n on input line 23.
LaTeX Font Info:    ... okay on input line 23.
LaTeX Font Info:    Checking defaults for U/cmr/m/n on input line 23.
LaTeX Font Info:    ... okay on input line 23.
LaTeX Font Info:    Checking defaults for T2A/cmr/m/n on input line 23.
LaTeX Font Info:    ... okay on input line 23.

(/usr/share/texlive/texmf-dist/tex/latex/ucs/ucsencs.def
File: ucsencs.def 2011/01/21 Fixes to fontencodings LGR, T3
)
Package caption Info: Begin \AtBeginDocument code.
Package caption Info: subfig package v1.3 is loaded.
Package caption Info: End \AtBeginDocument code.

(/usr/share/texlive/texmf-dist/tex/context/base/mkii/supp-pdf.mkii
[Loading MPS to PDF converter (version 2006.09.02).]
\scratchcounter=\count139
\scratchdimen=\dimen147
\scratchbox=\box56
\nofMPsegments=\count140
\nofMParguments=\count141
\everyMPshowfont=\toks30
\MPscratchCnt=\count142
\MPscratchDim=\dimen148
\MPnumerator=\count143
\makeMPintoPDFobject=\count144
\everyMPtoPDFconversion=\toks31
) (/usr/share/texlive/texmf-dist/tex/latex/oberdiek/epstopdf-base.sty
Package: epstopdf-base 2016/05/15 v2.6 Base part for package epstopdf

(/usr/share/texlive/texmf-dist/tex/generic/oberdiek/infwarerr.sty
Package: infwarerr 2016/05/16 v1.4 Providing info/warning/error messages (HO)
)
(/usr/share/texlive/texmf-dist/tex/latex/oberdiek/grfext.sty
Package: grfext 2016/05/16 v1.2 Manage graphics extensions (HO)

(/usr/share/texlive/texmf-dist/tex/generic/oberdiek/kvdefinekeys.sty
Package: kvdefinekeys 2016/05/16 v1.4 Define keys (HO)

(/usr/share/texlive/texmf-dist/tex/generic/oberdiek/ltxcmds.sty
Package: ltxcmds 2016/05/16 v1.23 LaTeX kernel commands for general use (HO)
)))
(/usr/share/texlive/texmf-dist/tex/latex/oberdiek/kvoptions.sty
Package: kvoptions 2016/05/16 v3.12 Key value format for package options (HO)

(/usr/share/texlive/texmf-dist/tex/generic/oberdiek/kvsetkeys.sty
Package: kvsetkeys 2016/05/16 v1.17 Key value parser (HO)

(/usr/share/texlive/texmf-dist/tex/generic/oberdiek/etexcmds.sty
Package: etexcmds 2016/05/16 v1.6 Avoid name clashes with e-TeX commands (HO)

(/usr/share/texlive/texmf-dist/tex/generic/oberdiek/ifluatex.sty
Package: ifluatex 2016/05/16 v1.4 Provides the ifluatex switch (HO)
Package ifluatex Info: LuaTeX not detected.
)
Package etexcmds Info: Could not find \expanded.
(etexcmds)             That can mean that you are not using pdfTeX 1.50 or
(etexcmds)             that some package has redefined \expanded.
(etexcmds)             In the latter case, load this package earlier.
)))
(/usr/share/texlive/texmf-dist/tex/generic/oberdiek/pdftexcmds.sty
Package: pdftexcmds 2017/03/19 v0.25 Utility functions of pdfTeX for LuaTeX (HO
)

(/usr/share/texlive/texmf-dist/tex/generic/oberdiek/ifpdf.sty
Package: ifpdf 2017/03/15 v3.2 Provides the ifpdf switch
)
Package pdftexcmds Info: LuaTeX not detected.
Package pdftexcmds Info: \pdf@primitive is available.
Package pdftexcmds Info: \pdf@ifprimitive is available.
Package pdftexcmds Info: \pdfdraftmode found.
)
Package epstopdf-base Info: Redefining graphics rule for `.eps' on input line 4
38.
Package grfext Info: Graphics extension search list:
(grfext)             [.pdf,.png,.jpg,.mps,.jpeg,.jbig2,.jb2,.PDF,.PNG,.JPG,.JPE
G,.JBIG2,.JB2,.eps]
(grfext)             \AppendGraphicsExtensions on input line 456.

(/usr/share/texlive/texmf-dist/tex/latex/latexconfig/epstopdf-sys.cfg
File: epstopdf-sys.cfg 2010/07/13 v1.3 Configuration of (r)epstopdf for TeX Liv
e
))<<ot1.cmap>><<oml.cmap>><<oms.cmap>><<omx.cmap>>
LaTeX Font Info:    Try loading font information for U+msa on input line 47.

(/usr/share/texlive/texmf-dist/tex/latex/amsfonts/umsa.fd
File: umsa.fd 2013/01/14 v3.01 AMS symbols A
)
LaTeX Font Info:    Try loading font information for U+msb on input line 47.

(/usr/share/texlive/texmf-dist/tex/latex/amsfonts/umsb.fd
File: umsb.fd 2013/01/14 v3.01 AMS symbols B
)
LaTeX Font Info:    Try loading font information for T2A+cmtt on input line 47.


(/usr/share/texlive/texmf-dist/tex/latex/cyrillic/t2acmtt.fd
File: t2acmtt.fd 2001/08/11 v1.0a Computer Modern Cyrillic font definitions
)
(/usr/share/texlive/texmf-dist/tex/latex/ucs/data/uni-4.def
File: uni-4.def 2013/05/13 UCS: Unicode data U+0400..U+04FF
)
Title too long for running head. Please supply
a shorter form with \titlerunning prior to \maketitle
(/usr/share/texlive/texmf-dist/tex/latex/ucs/data/uni-32.def
File: uni-32.def 2013/05/13 UCS: Unicode data U+2000..U+20FF
)
LaTeX Font Info:    Try loading font information for OMS+cmr on input line 52.

(/usr/share/texlive/texmf-dist/tex/latex/base/omscmr.fd
File: omscmr.fd 2014/09/29 v2.5h Standard LaTeX font definitions
)
LaTeX Font Info:    Font shape `OMS/cmr/m/n' in size <9> not available
(Font)              Font shape `OMS/cmsy/m/n' tried instead on input line 52.

Overfull \hbox (14.63574pt too wide) in paragraph at lines 52--53
\T2A/cmr/bx/n/9 Keywords:\T2A/cmr/m/n/9 Global optimization \OMS/cmsy/m/n/9 ^^A
 \T2A/cmr/m/n/9 Dimension reduction \OMS/cmsy/m/n/9 ^^A \T2A/cmr/m/n/9 Parallel
 algorithms
 []


Overfull \hbox (1.3798pt too wide) in paragraph at lines 52--53
\OMS/cmsy/m/n/9 ^^A \T2A/cmr/m/n/9 Multidimensional multiextremal optimization 
\OMS/cmsy/m/n/9 ^^A \T2A/cmr/m/n/9 Global search algorithms
 []


Overfull \hbox (5.92914pt too wide) in paragraph at lines 74--84
\T2A/cmr/m/n/10 results provide the efficient solutions of many applied global 
optimization problems
 []

[1

{/var/lib/texmf/fonts/map/pdftex/updmap/pdftex.map}]
Overfull \hbox (11.039pt too wide) in paragraph at lines 96--100
\T2A/cmr/m/n/10 and generality (in that it applies to a wide range of global op
timiza-tion algorithms).
 []

[2]
Overfull \hbox (7.06775pt too wide) in paragraph at lines 159--162
\T2A/cmr/m/n/10 the minimized Lipschitzian function from (1[]) to the correspon
ding one-dimensional
 []

[3]
Package epstopdf Info: Source file: <pictures/peanoC.eps>
(epstopdf)                    date: 2018-04-05 21:21:13
(epstopdf)                    size: 223042 bytes
(epstopdf)             Output file: <pictures/peanoC-eps-converted-to.pdf>
(epstopdf)                    date: 2018-04-05 21:21:13
(epstopdf)                    size: 5633 bytes
(epstopdf)             Command: <repstopdf --outfile=pictures/peanoC-eps-conver
ted-to.pdf pictures/peanoC.eps>
(epstopdf)             \includegraphics on input line 177.
Package epstopdf Info: Output file is already uptodate.
<pictures/peanoC-eps-converted-to.pdf, id=35, pagebox=cropbox, 1003.75pt x 483.
8075pt>
File: pictures/peanoC-eps-converted-to.pdf Graphic file (type pdf)
<use pictures/peanoC-eps-converted-to.pdf>
Package pdftex.def Info: pictures/peanoC-eps-converted-to.pdf  used on input li
ne 177. on input line 177.
Package pdftex.def Info: Requested size: 295.05711pt x 142.21997pt on input lin
e 177.

Overfull \hbox (14.9306pt too wide) in paragraph at lines 169--181
[]\T2A/cmr/m/n/10 The algorithms for the numerical construction of the Peano cu
rve approximations
 []


Overfull \hbox (3.6278pt too wide) in paragraph at lines 183--185
[]\T2A/cmr/m/n/10 The computational scheme obtained as a result of the dimensio
nality reduction
 []

Package epstopdf Info: Source file: <pictures/peanoCUsage.eps>
(epstopdf)                    date: 2018-04-05 21:21:13
(epstopdf)                    size: 686866 bytes
(epstopdf)             Output file: <pictures/peanoCUsage-eps-converted-to.pdf>

(epstopdf)                    date: 2018-04-05 21:21:13
(epstopdf)                    size: 19409 bytes
(epstopdf)             Command: <repstopdf --outfile=pictures/peanoCUsage-eps-c
onverted-to.pdf pictures/peanoCUsage.eps>
(epstopdf)             \includegraphics on input line 196.
Package epstopdf Info: Output file is already uptodate.
<pictures/peanoCUsage-eps-converted-to.pdf, id=36, pagebox=cropbox, 503.8825pt 
x 378.41376pt>
File: pictures/peanoCUsage-eps-converted-to.pdf Graphic file (type pdf)
<use pictures/peanoCUsage-eps-converted-to.pdf>
Package pdftex.def Info: pictures/peanoCUsage-eps-converted-to.pdf  used on inp
ut line 196. on input line 196.
Package pdftex.def Info: Requested size: 190.91899pt x 143.3772pt on input line
 196.
[4 <./pictures/peanoC-eps-converted-to.pdf>]
<pictures/shifted.pdf, id=45, pagebox=cropbox, 462.52798pt x 346.89601pt>
File: pictures/shifted.pdf Graphic file (type pdf)
<use pictures/shifted.pdf>
Package pdftex.def Info: pictures/shifted.pdf  used on input line 220. on input
 line 220.
Package pdftex.def Info: Requested size: 208.27623pt x 156.20761pt on input lin
e 220.
<pictures/shifted_cube.png, id=46, 295.1025pt x 295.1025pt>
File: pictures/shifted_cube.png Graphic file (type png)
<use pictures/shifted_cube.png>
Package pdftex.def Info: pictures/shifted_cube.png  used on input line 221. on 
input line 221.
Package pdftex.def Info: Requested size: 138.84729pt x 138.84677pt on input lin
e 221.
 [5 <./pictures/peanoCUsage-eps-converted-to.pdf>] [6 <./pictures/shifted.pdf> 
<./pictures/shifted_cube.png (PNG copy)>] [7]
Overfull \hbox (11.40369pt too wide) in paragraph at lines 283--284
[]\T2A/cmr/m/n/10 To overcome the disadvantages mentioned above and to preserve
 the information
 []

<pictures/rotated_1.pdf, id=79, pagebox=cropbox, 462.52798pt x 346.89601pt>
File: pictures/rotated_1.pdf Graphic file (type pdf)
<use pictures/rotated_1.pdf>
Package pdftex.def Info: pictures/rotated_1.pdf  used on input line 289. on inp
ut line 289.
Package pdftex.def Info: Requested size: 277.69987pt x 208.28212pt on input lin
e 289.

Underfull \vbox (badness 10000) has occurred while \output is active []

 [8 <./pictures/rotated_1.pdf>]
Overfull \hbox (3.70746pt too wide) in paragraph at lines 315--316
\T2A/cmr/m/n/10 appearing of the corresponding set of the one-dimensional multi
extremal problems 
 []

<pictures/noninjective.pdf, id=105, pagebox=cropbox, 433.62pt x 491.436pt>
File: pictures/noninjective.pdf Graphic file (type pdf)
<use pictures/noninjective.pdf>
Package pdftex.def Info: pictures/noninjective.pdf  used on input line 331. on 
input line 331.
Package pdftex.def Info: Requested size: 208.27623pt x 236.05157pt on input lin
e 331.
[9] [10 <./pictures/noninjective.pdf>]
Overfull \hbox (7.4602pt too wide) in paragraph at lines 411--412
[]\T2A/cmr/m/n/10 The stopping condition, which terminated the trials, is defin
ed by the inequality 
 []


Overfull \hbox (6.31793pt too wide) in paragraph at lines 415--419
\T2A/cmr/m/n/10 predefined accuracy of the optimization problem solution. If th
e stopping condition
 []

[11] (/usr/share/texlive/texmf-dist/tex/latex/ucs/data/uni-34.def
File: uni-34.def 2013/05/13 UCS: Unicode data U+2200..U+22FF
) [12]
Overfull \hbox (19.48138pt too wide) in paragraph at lines 453--454
\T2A/cmr/m/n/10 execution). Each processor has its own copy of the software rea
lizing the computations
 []

(/usr/share/texlive/texmf-dist/tex/latex/ucs/data/uni-0.def
File: uni-0.def 2013/05/13 UCS: Unicode data U+0000..U+00FF
)
Overfull \hbox (12.81421pt too wide) in paragraph at lines 459--460
[]\T2A/cmr/m/n/10 At every iteration of the algorithm, operating within the $\O
ML/cmm/m/it/10 s$\T2A/cmr/m/n/10 -th process, determines
 []


Overfull \hbox (7.28992pt too wide) in paragraph at lines 459--460
\T2A/cmr/m/n/10 the coordinates of p ¾its own¿ trial points. Then, the intercha
nge of the coordinates
 []

[13]
Underfull \hbox (badness 2334) in paragraph at lines 540--543
\T2A/cmr/m/it/9 Computational Methods and Applications\T2A/cmr/m/n/9 ,  Kluwer 
Academic Publishers,
 []

[14] [15]
Underfull \hbox (badness 1803) in paragraph at lines 736--740
[]\T2A/cmr/m/n/9 5 (MR1797058) [10.1007/978-1-4615-4677-1]  R. G. Strongin and 
Y. D.
 []


Underfull \hbox (badness 1688) in paragraph at lines 763--764
[]\T2A/cmr/m/n/9 Strongin, R.G.: Algorithms for multi-extremal mathematical pro
gramming
 []


Underfull \hbox (badness 1005) in paragraph at lines 766--767
[]\T2A/cmr/m/n/9 Strongin, R.G., Gergel, V.P., Barkalov, K.A.: Parallel methods
 for global
 []

[16] [17] (./RSD.aux) ) 
Here is how much of TeX's memory you used:
 7477 strings out of 494291
 100891 string characters out of 6169799
 153254 words of memory out of 5000000
 10604 multiletter control sequences out of 15000+600000
 24324 words of font info for 65 fonts, out of 8000000 for 9000
 497 hyphenation exceptions out of 8191
 44i,11n,49p,1166b,722s stack positions out of 5000i,500n,10000p,200000b,80000s
 </home/sovrasov/.texlive2017/texmf-var/fonts/pk/ljfour/
lh/lh-t2a/lati0900.600pk> </home/sovrasov/.texlive2017/texmf-var/fonts/pk/ljfou
r/lh/lh-t2a/labx1000.600pk> </home/sovrasov/.texlive2017/texmf-var/fonts/pk/ljf
our/lh/lh-t2a/lati1000.600pk> </home/sovrasov/.texlive2017/texmf-var/fonts/pk/l
jfour/lh/lh-t2a/labx1200.600pk> </home/sovrasov/.texlive2017/texmf-var/fonts/pk
/ljfour/lh/lh-t2a/labx0900.600pk> </home/sovrasov/.texlive2017/texmf-var/fonts/
pk/ljfour/lh/lh-t2a/latt0900.600pk> </home/sovrasov/.texlive2017/texmf-var/font
s/pk/ljfour/lh/lh-t2a/larm0900.600pk> </home/sovrasov/.texlive2017/texmf-var/fo
nts/pk/ljfour/lh/lh-t2a/larm1000.600pk> </home/sovrasov/.texlive2017/texmf-var/
fonts/pk/ljfour/lh/lh-t2a/labx1440.600pk></usr/share/texlive/texmf-dist/fonts/t
ype1/public/amsfonts/cm/cmbx10.pfb></usr/share/texlive/texmf-dist/fonts/type1/p
ublic/amsfonts/cm/cmex10.pfb></usr/share/texlive/texmf-dist/fonts/type1/public/
amsfonts/cm/cmmi10.pfb></usr/share/texlive/texmf-dist/fonts/type1/public/amsfon
ts/cm/cmmi5.pfb></usr/share/texlive/texmf-dist/fonts/type1/public/amsfonts/cm/c
mmi6.pfb></usr/share/texlive/texmf-dist/fonts/type1/public/amsfonts/cm/cmmi7.pf
b></usr/share/texlive/texmf-dist/fonts/type1/public/amsfonts/cm/cmmi9.pfb></usr
/share/texlive/texmf-dist/fonts/type1/public/amsfonts/cm/cmmib10.pfb></usr/shar
e/texlive/texmf-dist/fonts/type1/public/amsfonts/cm/cmr10.pfb></usr/share/texli
ve/texmf-dist/fonts/type1/public/amsfonts/cm/cmr5.pfb></usr/share/texlive/texmf
-dist/fonts/type1/public/amsfonts/cm/cmr7.pfb></usr/share/texlive/texmf-dist/fo
nts/type1/public/amsfonts/cm/cmr9.pfb></usr/share/texlive/texmf-dist/fonts/type
1/public/amsfonts/cm/cmsy10.pfb></usr/share/texlive/texmf-dist/fonts/type1/publ
ic/amsfonts/cm/cmsy7.pfb></usr/share/texlive/texmf-dist/fonts/type1/public/amsf
onts/cm/cmsy9.pfb></usr/share/texlive/texmf-dist/fonts/type1/public/amsfonts/sy
mbols/msbm10.pfb>
Output written on RSD.pdf (17 pages, 398187 bytes).
PDF statistics:
 752 PDF objects out of 1000 (max. 8388607)
 165 compressed objects within 2 object streams
 0 named destinations out of 1000 (max. 500000)
 51 words of extra memory for PDF output out of 10000 (max. 10000000)

